2016-02-03 14:48:28,675 WARN [io.netty.channel.DefaultChannelPipeline] - An exceptionCaught() event was fired, and it reached at the tail of the pipeline. It usually means the last handler in the pipeline did not handle the exception.
java.io.IOException: 远程主机强迫关闭了一个现有的连接。
	at sun.nio.ch.SocketDispatcher.read0(Native Method)
	at sun.nio.ch.SocketDispatcher.read(SocketDispatcher.java:43)
	at sun.nio.ch.IOUtil.readIntoNativeBuffer(IOUtil.java:223)
	at sun.nio.ch.IOUtil.read(IOUtil.java:192)
	at sun.nio.ch.SocketChannelImpl.read(SocketChannelImpl.java:379)
	at io.netty.buffer.UnpooledUnsafeDirectByteBuf.setBytes(UnpooledUnsafeDirectByteBuf.java:357)
	at io.netty.buffer.AbstractByteBuf.writeBytes(AbstractByteBuf.java:898)
	at io.netty.channel.socket.nio.NioSocketChannel.doReadBytes(NioSocketChannel.java:242)
	at io.netty.channel.nio.AbstractNioByteChannel$NioByteUnsafe.read(AbstractNioByteChannel.java:119)
	at io.netty.channel.nio.NioEventLoop.processSelectedKey(NioEventLoop.java:511)
	at io.netty.channel.nio.NioEventLoop.processSelectedKeysOptimized(NioEventLoop.java:468)
	at io.netty.channel.nio.NioEventLoop.processSelectedKeys(NioEventLoop.java:382)
	at io.netty.channel.nio.NioEventLoop.run(NioEventLoop.java:354)
	at io.netty.util.concurrent.SingleThreadEventExecutor$2.run(SingleThreadEventExecutor.java:112)
	at io.netty.util.concurrent.DefaultThreadFactory$DefaultRunnableDecorator.run(DefaultThreadFactory.java:137)
	at java.lang.Thread.run(Thread.java:745)
2017-07-27 20:31:54,932 WARN [com.cn.client.swing.Swingclient] - ******登录warn****  user:xiaoming  pwd: 123456
2017-07-27 20:32:43,231 WARN [com.cn.client.swing.Swingclient] - ******登录warn****  user:xiaoming  pwd: 123
2017-07-27 20:47:17,407 WARN [com.cn.client.swing.Swingclient] - ******登录warn****  user:xiao  pwd: 122
2017-07-27 20:48:09,397 WARN [com.cn.client.swing.Swingclient] - ******登录warn****  user:DFSG  pwd: 111
2017-07-28 08:57:56,602 WARN [io.netty.channel.DefaultChannelPipeline] - An exceptionCaught() event was fired, and it reached at the tail of the pipeline. It usually means the last handler in the pipeline did not handle the exception.
java.io.IOException: 远程主机强迫关闭了一个现有的连接。
	at sun.nio.ch.SocketDispatcher.read0(Native Method)
	at sun.nio.ch.SocketDispatcher.read(Unknown Source)
	at sun.nio.ch.IOUtil.readIntoNativeBuffer(Unknown Source)
	at sun.nio.ch.IOUtil.read(Unknown Source)
	at sun.nio.ch.SocketChannelImpl.read(Unknown Source)
	at io.netty.buffer.UnpooledUnsafeDirectByteBuf.setBytes(UnpooledUnsafeDirectByteBuf.java:357)
	at io.netty.buffer.AbstractByteBuf.writeBytes(AbstractByteBuf.java:898)
	at io.netty.channel.socket.nio.NioSocketChannel.doReadBytes(NioSocketChannel.java:242)
	at io.netty.channel.nio.AbstractNioByteChannel$NioByteUnsafe.read(AbstractNioByteChannel.java:119)
	at io.netty.channel.nio.NioEventLoop.processSelectedKey(NioEventLoop.java:511)
	at io.netty.channel.nio.NioEventLoop.processSelectedKeysOptimized(NioEventLoop.java:468)
	at io.netty.channel.nio.NioEventLoop.processSelectedKeys(NioEventLoop.java:382)
	at io.netty.channel.nio.NioEventLoop.run(NioEventLoop.java:354)
	at io.netty.util.concurrent.SingleThreadEventExecutor$2.run(SingleThreadEventExecutor.java:112)
	at io.netty.util.concurrent.DefaultThreadFactory$DefaultRunnableDecorator.run(DefaultThreadFactory.java:137)
	at java.lang.Thread.run(Unknown Source)
2017-07-29 09:34:16,088 INFO [org.springframework.context.support.ClassPathXmlApplicationContext] - Refreshing org.springframework.context.support.ClassPathXmlApplicationContext@5ee041be: startup date [Sat Jul 29 09:34:16 CST 2017]; root of context hierarchy
2017-07-29 09:34:16,357 INFO [org.springframework.beans.factory.xml.XmlBeanDefinitionReader] - Loading XML bean definitions from class path resource [applicationContext.xml]
2017-07-29 09:34:18,136 INFO [org.springframework.beans.factory.support.DefaultListableBeanFactory] - Pre-instantiating singletons in org.springframework.beans.factory.support.DefaultListableBeanFactory@4a87bd1c: defining beans [org.springframework.context.annotation.internalConfigurationAnnotationProcessor,org.springframework.context.annotation.internalAutowiredAnnotationProcessor,org.springframework.context.annotation.internalRequiredAnnotationProcessor,org.springframework.context.annotation.internalCommonAnnotationProcessor,client,chatHandlerImpl,playerHandlerImpl,handlerScaner,resultCodeTip,swingclient,org.springframework.context.annotation.ConfigurationClassPostProcessor.importAwareProcessor]; root of factory hierarchy
2017-07-29 09:34:28,929 INFO [com.cn.client.swing.Swingclient] - ******登录info****  user:去q  pwd: aaa
2017-07-29 09:34:28,930 WARN [com.cn.client.swing.Swingclient] - ******登录warn****  user:去q  pwd: aaa
2017-07-29 09:46:35,097 INFO [com.cn.client.swing.Swingclient] - ******登录info****  user:xiaoming  pwd: aaa
2017-07-29 09:46:35,098 WARN [com.cn.client.swing.Swingclient] - ******登录warn****  user:xiaoming  pwd: aaa
2017-07-29 10:38:28,897 INFO [org.springframework.context.support.ClassPathXmlApplicationContext] - Refreshing org.springframework.context.support.ClassPathXmlApplicationContext@54fc519b: startup date [Sat Jul 29 10:38:28 CST 2017]; root of context hierarchy
2017-07-29 10:38:29,195 INFO [org.springframework.beans.factory.xml.XmlBeanDefinitionReader] - Loading XML bean definitions from class path resource [applicationContext.xml]
2017-07-29 10:38:30,878 INFO [org.springframework.beans.factory.support.DefaultListableBeanFactory] - Pre-instantiating singletons in org.springframework.beans.factory.support.DefaultListableBeanFactory@4a87bd1c: defining beans [org.springframework.context.annotation.internalConfigurationAnnotationProcessor,org.springframework.context.annotation.internalAutowiredAnnotationProcessor,org.springframework.context.annotation.internalRequiredAnnotationProcessor,org.springframework.context.annotation.internalCommonAnnotationProcessor,client,chatHandlerImpl,playerHandlerImpl,handlerScaner,resultCodeTip,swingclient,org.springframework.context.annotation.ConfigurationClassPostProcessor.importAwareProcessor]; root of factory hierarchy
2017-07-29 10:38:45,999 INFO [com.cn.client.swing.Swingclient] - ******登录info****  user:小红  pwd: 123
2017-07-29 10:38:45,999 WARN [com.cn.client.swing.Swingclient] - ******登录warn****  user:小红  pwd: 123
2017-07-29 10:40:11,746 INFO [org.springframework.context.support.ClassPathXmlApplicationContext] - Refreshing org.springframework.context.support.ClassPathXmlApplicationContext@5ee041be: startup date [Sat Jul 29 10:40:11 CST 2017]; root of context hierarchy
2017-07-29 10:40:11,981 INFO [org.springframework.beans.factory.xml.XmlBeanDefinitionReader] - Loading XML bean definitions from class path resource [applicationContext.xml]
2017-07-29 10:40:13,344 INFO [org.springframework.beans.factory.support.DefaultListableBeanFactory] - Pre-instantiating singletons in org.springframework.beans.factory.support.DefaultListableBeanFactory@51827002: defining beans [org.springframework.context.annotation.internalConfigurationAnnotationProcessor,org.springframework.context.annotation.internalAutowiredAnnotationProcessor,org.springframework.context.annotation.internalRequiredAnnotationProcessor,org.springframework.context.annotation.internalCommonAnnotationProcessor,client,chatHandlerImpl,playerHandlerImpl,handlerScaner,resultCodeTip,swingclient,org.springframework.context.annotation.ConfigurationClassPostProcessor.importAwareProcessor]; root of factory hierarchy
2017-07-29 10:40:43,908 INFO [com.cn.client.swing.Swingclient] - ******登录info****  user:yangyang  pwd: 123
2017-07-29 10:40:43,909 WARN [com.cn.client.swing.Swingclient] - ******登录warn****  user:yangyang  pwd: 123
2017-07-29 11:24:37,787 WARN [io.netty.channel.DefaultChannelPipeline] - An exceptionCaught() event was fired, and it reached at the tail of the pipeline. It usually means the last handler in the pipeline did not handle the exception.
java.io.IOException: 远程主机强迫关闭了一个现有的连接。
	at sun.nio.ch.SocketDispatcher.read0(Native Method)
	at sun.nio.ch.SocketDispatcher.read(Unknown Source)
	at sun.nio.ch.IOUtil.readIntoNativeBuffer(Unknown Source)
	at sun.nio.ch.IOUtil.read(Unknown Source)
	at sun.nio.ch.SocketChannelImpl.read(Unknown Source)
	at io.netty.buffer.UnpooledUnsafeDirectByteBuf.setBytes(UnpooledUnsafeDirectByteBuf.java:357)
	at io.netty.buffer.AbstractByteBuf.writeBytes(AbstractByteBuf.java:898)
	at io.netty.channel.socket.nio.NioSocketChannel.doReadBytes(NioSocketChannel.java:242)
	at io.netty.channel.nio.AbstractNioByteChannel$NioByteUnsafe.read(AbstractNioByteChannel.java:119)
	at io.netty.channel.nio.NioEventLoop.processSelectedKey(NioEventLoop.java:511)
	at io.netty.channel.nio.NioEventLoop.processSelectedKeysOptimized(NioEventLoop.java:468)
	at io.netty.channel.nio.NioEventLoop.processSelectedKeys(NioEventLoop.java:382)
	at io.netty.channel.nio.NioEventLoop.run(NioEventLoop.java:354)
	at io.netty.util.concurrent.SingleThreadEventExecutor$2.run(SingleThreadEventExecutor.java:112)
	at io.netty.util.concurrent.DefaultThreadFactory$DefaultRunnableDecorator.run(DefaultThreadFactory.java:137)
	at java.lang.Thread.run(Unknown Source)
2017-07-29 11:24:37,770 WARN [io.netty.channel.DefaultChannelPipeline] - An exceptionCaught() event was fired, and it reached at the tail of the pipeline. It usually means the last handler in the pipeline did not handle the exception.
java.io.IOException: 远程主机强迫关闭了一个现有的连接。
	at sun.nio.ch.SocketDispatcher.read0(Native Method)
	at sun.nio.ch.SocketDispatcher.read(Unknown Source)
	at sun.nio.ch.IOUtil.readIntoNativeBuffer(Unknown Source)
	at sun.nio.ch.IOUtil.read(Unknown Source)
	at sun.nio.ch.SocketChannelImpl.read(Unknown Source)
	at io.netty.buffer.UnpooledUnsafeDirectByteBuf.setBytes(UnpooledUnsafeDirectByteBuf.java:357)
	at io.netty.buffer.AbstractByteBuf.writeBytes(AbstractByteBuf.java:898)
	at io.netty.channel.socket.nio.NioSocketChannel.doReadBytes(NioSocketChannel.java:242)
	at io.netty.channel.nio.AbstractNioByteChannel$NioByteUnsafe.read(AbstractNioByteChannel.java:119)
	at io.netty.channel.nio.NioEventLoop.processSelectedKey(NioEventLoop.java:511)
	at io.netty.channel.nio.NioEventLoop.processSelectedKeysOptimized(NioEventLoop.java:468)
	at io.netty.channel.nio.NioEventLoop.processSelectedKeys(NioEventLoop.java:382)
	at io.netty.channel.nio.NioEventLoop.run(NioEventLoop.java:354)
	at io.netty.util.concurrent.SingleThreadEventExecutor$2.run(SingleThreadEventExecutor.java:112)
	at io.netty.util.concurrent.DefaultThreadFactory$DefaultRunnableDecorator.run(DefaultThreadFactory.java:137)
	at java.lang.Thread.run(Unknown Source)
2017-07-29 16:29:01,523 INFO [org.springframework.context.support.ClassPathXmlApplicationContext] - Refreshing org.springframework.context.support.ClassPathXmlApplicationContext@5ee041be: startup date [Sat Jul 29 16:29:01 CST 2017]; root of context hierarchy
2017-07-29 16:29:01,791 INFO [org.springframework.beans.factory.xml.XmlBeanDefinitionReader] - Loading XML bean definitions from class path resource [applicationContext.xml]
2017-07-29 16:29:03,272 INFO [org.springframework.beans.factory.support.DefaultListableBeanFactory] - Pre-instantiating singletons in org.springframework.beans.factory.support.DefaultListableBeanFactory@51827002: defining beans [org.springframework.context.annotation.internalConfigurationAnnotationProcessor,org.springframework.context.annotation.internalAutowiredAnnotationProcessor,org.springframework.context.annotation.internalRequiredAnnotationProcessor,org.springframework.context.annotation.internalCommonAnnotationProcessor,client,chatHandlerImpl,playerHandlerImpl,handlerScaner,resultCodeTip,swingclient,org.springframework.context.annotation.ConfigurationClassPostProcessor.importAwareProcessor]; root of factory hierarchy
2017-07-29 16:29:04,594 INFO [com.cn.client.Client] - *****Client  init 初始化
2017-07-29 16:50:54,911 INFO [org.springframework.context.support.ClassPathXmlApplicationContext] - Refreshing org.springframework.context.support.ClassPathXmlApplicationContext@54fc519b: startup date [Sat Jul 29 16:50:54 CST 2017]; root of context hierarchy
2017-07-29 16:50:55,196 INFO [org.springframework.beans.factory.xml.XmlBeanDefinitionReader] - Loading XML bean definitions from class path resource [applicationContext.xml]
2017-07-29 16:50:56,755 INFO [org.springframework.beans.factory.support.DefaultListableBeanFactory] - Pre-instantiating singletons in org.springframework.beans.factory.support.DefaultListableBeanFactory@4a87bd1c: defining beans [org.springframework.context.annotation.internalConfigurationAnnotationProcessor,org.springframework.context.annotation.internalAutowiredAnnotationProcessor,org.springframework.context.annotation.internalRequiredAnnotationProcessor,org.springframework.context.annotation.internalCommonAnnotationProcessor,client,chatHandlerImpl,playerHandlerImpl,handlerScaner,resultCodeTip,swingclient,org.springframework.context.annotation.ConfigurationClassPostProcessor.importAwareProcessor]; root of factory hierarchy
2017-07-29 16:50:58,358 INFO [com.cn.client.Client] - *****Client  init 初始化
2017-07-29 16:51:05,642 INFO [com.cn.client.swing.Swingclient] - ******注册  user:  pwd: 
2017-07-29 16:51:05,643 INFO [com.cn.client.swing.Swingclient] - ****** 注册   ModuleId：1    PlayerCmd: 1
2017-07-29 16:51:05,896 INFO [com.cn.client.Client] - *****未连接服务器，连接
2017-07-29 16:51:07,221 INFO [com.cn.client.swing.Swingclient] - ******注册  user:  pwd: 
2017-07-29 16:51:07,221 INFO [com.cn.client.swing.Swingclient] - ****** 注册   ModuleId：1    PlayerCmd: 1
2017-07-29 16:51:07,221 INFO [com.cn.client.Client] - *****未连接服务器，连接
2017-07-29 16:51:08,230 INFO [com.cn.client.swing.Swingclient] - ******注册  user:  pwd: 
2017-07-29 16:51:08,230 INFO [com.cn.client.swing.Swingclient] - ****** 注册   ModuleId：1    PlayerCmd: 1
2017-07-29 16:51:08,231 INFO [com.cn.client.Client] - *****未连接服务器，连接
2017-07-29 16:51:09,247 INFO [com.cn.client.swing.Swingclient] - ******登录  user:  pwd: 
2017-07-29 16:51:09,247 INFO [com.cn.client.swing.Swingclient] - ****** 登录   ModuleId：1    PlayerCmd: 2
2017-07-29 16:51:09,248 INFO [com.cn.client.Client] - *****未连接服务器，连接
2017-07-29 16:51:10,255 INFO [com.cn.client.swing.Swingclient] - ******登录  user:  pwd: 
2017-07-29 16:51:10,255 INFO [com.cn.client.swing.Swingclient] - ****** 登录   ModuleId：1    PlayerCmd: 2
2017-07-29 16:51:10,256 INFO [com.cn.client.Client] - *****未连接服务器，连接
2017-07-29 16:51:11,261 INFO [com.cn.client.swing.Swingclient] - ******登录  user:  pwd: 
2017-07-29 16:51:11,261 INFO [com.cn.client.swing.Swingclient] - ****** 登录   ModuleId：1    PlayerCmd: 2
2017-07-29 16:51:11,262 INFO [com.cn.client.Client] - *****未连接服务器，连接
2017-07-29 16:51:12,277 INFO [com.cn.client.swing.Swingclient] - ******登录  user:  pwd: 
2017-07-29 16:51:12,278 INFO [com.cn.client.swing.Swingclient] - ****** 登录   ModuleId：1    PlayerCmd: 2
2017-07-29 16:51:12,278 INFO [com.cn.client.Client] - *****未连接服务器，连接
2017-07-29 18:10:46,571 INFO [org.springframework.context.support.ClassPathXmlApplicationContext] - Refreshing org.springframework.context.support.ClassPathXmlApplicationContext@426551c1: startup date [Sat Jul 29 18:10:46 CST 2017]; root of context hierarchy
2017-07-29 18:10:47,044 INFO [org.springframework.beans.factory.xml.XmlBeanDefinitionReader] - Loading XML bean definitions from class path resource [applicationContext.xml]
2017-07-29 18:10:48,935 INFO [org.springframework.beans.factory.support.DefaultListableBeanFactory] - Pre-instantiating singletons in org.springframework.beans.factory.support.DefaultListableBeanFactory@790d63f8: defining beans [org.springframework.context.annotation.internalConfigurationAnnotationProcessor,org.springframework.context.annotation.internalAutowiredAnnotationProcessor,org.springframework.context.annotation.internalRequiredAnnotationProcessor,org.springframework.context.annotation.internalCommonAnnotationProcessor,client,chatHandlerImpl,playerHandlerImpl,handlerScaner,resultCodeTip,swingclient,org.springframework.context.annotation.ConfigurationClassPostProcessor.importAwareProcessor]; root of factory hierarchy
2017-07-29 18:10:50,588 INFO [com.cn.client.Client] - *****Client  init 初始化
2017-07-29 18:11:04,487 INFO [com.cn.client.swing.Swingclient] - ******登录  user:xiaoming  pwd: aaa
2017-07-29 18:11:04,487 INFO [com.cn.client.swing.Swingclient] - ****** 登录   ModuleId：1    PlayerCmd: 2
2017-07-29 18:11:04,758 INFO [com.cn.client.Client] - *****未连接服务器，连接
2017-07-29 18:11:05,982 INFO [com.cn.client.ClientHandler] - *****接受到消息： getModule: 1   getCmd: 2 getStateCode: 0 getData:[B@4d2c4eaa
2017-07-29 18:11:08,911 INFO [com.cn.client.Client] - *****已连接服务器
2017-07-29 18:11:08,917 INFO [com.cn.client.swing.Swingclient] - ***** 退出 + client.getChannel()：[id: 0xd68eb71e, /127.0.0.1:57588 => /127.0.0.1:10102]
2017-07-29 18:11:13,500 INFO [com.cn.client.Client] - *****未连接服务器，连接
2017-07-29 18:11:13,508 INFO [com.cn.client.swing.Swingclient] - ***** 退出 + client.getChannel()：[id: 0x7e35ea06, /127.0.0.1:57591 => /127.0.0.1:10102]
2017-07-29 18:11:44,918 INFO [com.cn.client.swing.Swingclient] - ******登录  user:xiaoming  pwd: aaa
2017-07-29 18:11:44,919 INFO [com.cn.client.swing.Swingclient] - ****** 登录   ModuleId：1    PlayerCmd: 2
2017-07-29 18:11:44,919 INFO [com.cn.client.Client] - *****未连接服务器，连接
2017-07-29 18:11:44,999 INFO [com.cn.client.ClientHandler] - *****接受到消息： getModule: 1   getCmd: 2 getStateCode: 0 getData:[B@3b49f171
2017-07-29 18:11:52,515 INFO [com.cn.client.Client] - *****已连接服务器
2017-07-29 18:11:52,517 INFO [com.cn.client.swing.Swingclient] - ***** 退出 + client.getChannel()：[id: 0xf8f68ebd, /127.0.0.1:57592 => /127.0.0.1:10102]
2017-07-29 18:13:53,274 INFO [com.cn.client.swing.Swingclient] - ******登录  user:xiaoming  pwd: aaa
2017-07-29 18:13:53,275 INFO [com.cn.client.swing.Swingclient] - ****** 登录   ModuleId：1    PlayerCmd: 2
2017-07-29 18:13:53,276 INFO [com.cn.client.Client] - *****未连接服务器，连接
2017-07-29 18:13:53,464 INFO [com.cn.client.ClientHandler] - *****接受到消息： getModule: 1   getCmd: 2 getStateCode: 0 getData:[B@50bb540e
2017-07-29 18:14:01,875 INFO [com.cn.client.Client] - *****已连接服务器
2017-07-29 18:14:01,877 INFO [com.cn.client.swing.Swingclient] - ***** 退出 + client.getChannel()：[id: 0xd7b69925, /127.0.0.1:57607 => /127.0.0.1:10102]
2017-07-29 18:18:59,314 INFO [org.springframework.context.support.ClassPathXmlApplicationContext] - Refreshing org.springframework.context.support.ClassPathXmlApplicationContext@5ee041be: startup date [Sat Jul 29 18:18:59 CST 2017]; root of context hierarchy
2017-07-29 18:18:59,679 INFO [org.springframework.beans.factory.xml.XmlBeanDefinitionReader] - Loading XML bean definitions from class path resource [applicationContext.xml]
2017-07-29 18:19:01,347 INFO [org.springframework.beans.factory.support.DefaultListableBeanFactory] - Pre-instantiating singletons in org.springframework.beans.factory.support.DefaultListableBeanFactory@15909f7e: defining beans [org.springframework.context.annotation.internalConfigurationAnnotationProcessor,org.springframework.context.annotation.internalAutowiredAnnotationProcessor,org.springframework.context.annotation.internalRequiredAnnotationProcessor,org.springframework.context.annotation.internalCommonAnnotationProcessor,client,chatHandlerImpl,playerHandlerImpl,handlerScaner,resultCodeTip,swingclient,org.springframework.context.annotation.ConfigurationClassPostProcessor.importAwareProcessor]; root of factory hierarchy
2017-07-29 18:19:02,753 INFO [com.cn.client.Client] - *****Client  init 初始化
2017-07-29 18:19:11,452 INFO [com.cn.client.swing.Swingclient] - ******登录  user:xiaoming  pwd: aaa
2017-07-29 18:19:11,453 INFO [com.cn.client.swing.Swingclient] - ****** 登录   ModuleId：1    PlayerCmd: 2
2017-07-29 18:19:11,676 INFO [com.cn.client.Client] - *****未连接服务器，连接
2017-07-29 18:19:12,087 INFO [com.cn.client.ClientHandler] - *****接受到消息： getModule: 1   getCmd: 2 getStateCode: 0 getData:[B@72a77b84
2017-07-29 18:19:20,488 INFO [com.cn.client.swing.Swingclient] - ***** 发送消息 ：sssss
2017-07-29 18:19:20,491 INFO [com.cn.client.Client] - *****已连接服务器
2017-07-29 18:19:20,494 INFO [com.cn.client.swing.Swingclient] - ***** 退出 + client.getChannel()：[id: 0x0a2537dd, /127.0.0.1:57646 => /127.0.0.1:10102]
2017-07-29 18:19:37,753 INFO [com.cn.client.swing.Swingclient] - ******登录  user:xiaoming  pwd: aaa
2017-07-29 18:19:37,753 INFO [com.cn.client.swing.Swingclient] - ****** 登录   ModuleId：1    PlayerCmd: 2
2017-07-29 18:19:37,754 INFO [com.cn.client.Client] - *****未连接服务器，连接
2017-07-29 18:19:37,824 INFO [com.cn.client.ClientHandler] - *****接受到消息： getModule: 1   getCmd: 2 getStateCode: 0 getData:[B@71474694
2017-07-29 18:19:43,616 INFO [com.cn.client.swing.Swingclient] - ***** 发送消息 ：sssss
2017-07-29 18:19:43,617 INFO [com.cn.client.Client] - *****已连接服务器
2017-07-29 18:19:43,618 INFO [com.cn.client.swing.Swingclient] - ***** 退出 + client.getChannel()：[id: 0xd1fd2d8a, /127.0.0.1:57652 => /127.0.0.1:10102]
2017-07-29 18:21:33,312 INFO [com.cn.client.swing.Swingclient] - ***** 发送消息 ：sssss
2017-07-29 18:21:33,313 INFO [com.cn.client.Client] - *****未连接服务器，连接
2017-07-29 18:21:33,320 INFO [com.cn.client.swing.Swingclient] - ***** 退出 + client.getChannel()：[id: 0x241b1e6d, /127.0.0.1:57655 => /127.0.0.1:10102]
2017-07-29 18:21:36,224 INFO [com.cn.client.swing.Swingclient] - ******登录  user:xiaoming  pwd: aaa
2017-07-29 18:21:36,224 INFO [com.cn.client.swing.Swingclient] - ****** 登录   ModuleId：1    PlayerCmd: 2
2017-07-29 18:21:36,225 INFO [com.cn.client.Client] - *****未连接服务器，连接
2017-07-29 18:21:36,342 INFO [com.cn.client.ClientHandler] - *****接受到消息： getModule: 1   getCmd: 2 getStateCode: 0 getData:[B@497f6a92
2017-07-29 18:24:11,221 INFO [org.springframework.context.support.ClassPathXmlApplicationContext] - Refreshing org.springframework.context.support.ClassPathXmlApplicationContext@4115fa10: startup date [Sat Jul 29 18:24:11 CST 2017]; root of context hierarchy
2017-07-29 18:24:11,466 INFO [org.springframework.beans.factory.xml.XmlBeanDefinitionReader] - Loading XML bean definitions from class path resource [applicationContext.xml]
2017-07-29 18:24:12,912 INFO [org.springframework.beans.factory.support.DefaultListableBeanFactory] - Pre-instantiating singletons in org.springframework.beans.factory.support.DefaultListableBeanFactory@3f15f21b: defining beans [org.springframework.context.annotation.internalConfigurationAnnotationProcessor,org.springframework.context.annotation.internalAutowiredAnnotationProcessor,org.springframework.context.annotation.internalRequiredAnnotationProcessor,org.springframework.context.annotation.internalCommonAnnotationProcessor,client,chatHandlerImpl,playerHandlerImpl,handlerScaner,resultCodeTip,swingclient,org.springframework.context.annotation.ConfigurationClassPostProcessor.importAwareProcessor]; root of factory hierarchy
2017-07-29 18:24:14,329 INFO [com.cn.client.Client] - *****Client  init 初始化
2017-07-29 18:24:16,728 INFO [org.springframework.context.support.ClassPathXmlApplicationContext] - Refreshing org.springframework.context.support.ClassPathXmlApplicationContext@4115fa10: startup date [Sat Jul 29 18:24:16 CST 2017]; root of context hierarchy
2017-07-29 18:24:16,987 INFO [org.springframework.beans.factory.xml.XmlBeanDefinitionReader] - Loading XML bean definitions from class path resource [applicationContext.xml]
2017-07-29 18:24:18,455 INFO [org.springframework.beans.factory.support.DefaultListableBeanFactory] - Pre-instantiating singletons in org.springframework.beans.factory.support.DefaultListableBeanFactory@3f15f21b: defining beans [org.springframework.context.annotation.internalConfigurationAnnotationProcessor,org.springframework.context.annotation.internalAutowiredAnnotationProcessor,org.springframework.context.annotation.internalRequiredAnnotationProcessor,org.springframework.context.annotation.internalCommonAnnotationProcessor,client,chatHandlerImpl,playerHandlerImpl,handlerScaner,resultCodeTip,swingclient,org.springframework.context.annotation.ConfigurationClassPostProcessor.importAwareProcessor]; root of factory hierarchy
2017-07-29 18:24:19,797 INFO [com.cn.client.Client] - *****Client  init 初始化
2017-07-29 18:24:36,354 INFO [com.cn.client.swing.Swingclient] - ******登录  user:xiaoming  pwd: aaa
2017-07-29 18:24:36,355 INFO [com.cn.client.swing.Swingclient] - ****** 登录   ModuleId：1    PlayerCmd: 2
2017-07-29 18:24:36,559 INFO [com.cn.client.Client] - *****未连接服务器，连接
2017-07-29 18:24:36,951 INFO [com.cn.client.ClientHandler] - *****接受到消息： getModule: 1   getCmd: 2 getStateCode: 0 getData:[B@49d7800a
2017-07-29 18:24:52,611 INFO [com.cn.client.swing.Swingclient] - ******登录  user:小红  pwd: 123
2017-07-29 18:24:52,612 INFO [com.cn.client.swing.Swingclient] - ****** 登录   ModuleId：1    PlayerCmd: 2
2017-07-29 18:24:52,843 INFO [com.cn.client.Client] - *****未连接服务器，连接
2017-07-29 18:24:53,234 INFO [com.cn.client.ClientHandler] - *****接受到消息： getModule: 1   getCmd: 2 getStateCode: 0 getData:[B@5f5f6fd6
2017-07-29 18:25:18,966 INFO [com.cn.client.swing.Swingclient] - ***** 发送消息 ：你好
2017-07-29 18:25:18,969 INFO [com.cn.client.Client] - *****已连接服务器
2017-07-29 18:25:18,973 INFO [com.cn.client.swing.Swingclient] - ***** 退出 + client.getChannel()：[id: 0xd05a0025, /127.0.0.1:57701 => /127.0.0.1:10102]
2017-07-29 18:25:19,056 INFO [com.cn.client.ClientHandler] - *****接受到消息： getModule: 2   getCmd: 101 getStateCode: 0 getData:[B@58f285cd
2017-07-29 18:27:51,981 INFO [com.cn.client.swing.Swingclient] - ***** 发送消息 ：恩
2017-07-29 18:27:51,983 INFO [com.cn.client.Client] - *****已连接服务器
2017-07-29 18:27:51,988 INFO [com.cn.client.swing.Swingclient] - ***** 退出 + client.getChannel()：[id: 0x07199faf, /127.0.0.1:57706 => /127.0.0.1:10102]
2017-07-29 18:28:34,205 INFO [com.cn.client.swing.Swingclient] - ******登录  user:小红  pwd: 123
2017-07-29 18:28:34,205 INFO [com.cn.client.swing.Swingclient] - ****** 登录   ModuleId：1    PlayerCmd: 2
2017-07-29 18:28:34,206 INFO [com.cn.client.Client] - *****未连接服务器，连接
2017-07-29 18:28:34,267 INFO [com.cn.client.ClientHandler] - *****接受到消息： getModule: 1   getCmd: 2 getStateCode: 0 getData:[B@7b81e761
2017-07-29 18:28:50,261 INFO [com.cn.client.swing.Swingclient] - ***** 发送消息 ：恩
2017-07-29 18:28:50,261 INFO [com.cn.client.Client] - *****已连接服务器
2017-07-29 18:28:50,262 INFO [com.cn.client.swing.Swingclient] - ***** 退出 + client.getChannel()：[id: 0x462a8d93, /127.0.0.1:57717 => /127.0.0.1:10102]
2017-07-29 18:29:45,665 INFO [org.springframework.context.support.ClassPathXmlApplicationContext] - Refreshing org.springframework.context.support.ClassPathXmlApplicationContext@4115fa10: startup date [Sat Jul 29 18:29:45 CST 2017]; root of context hierarchy
2017-07-29 18:29:45,909 INFO [org.springframework.beans.factory.xml.XmlBeanDefinitionReader] - Loading XML bean definitions from class path resource [applicationContext.xml]
2017-07-29 18:29:47,328 INFO [org.springframework.beans.factory.support.DefaultListableBeanFactory] - Pre-instantiating singletons in org.springframework.beans.factory.support.DefaultListableBeanFactory@3f15f21b: defining beans [org.springframework.context.annotation.internalConfigurationAnnotationProcessor,org.springframework.context.annotation.internalAutowiredAnnotationProcessor,org.springframework.context.annotation.internalRequiredAnnotationProcessor,org.springframework.context.annotation.internalCommonAnnotationProcessor,client,chatHandlerImpl,playerHandlerImpl,handlerScaner,resultCodeTip,swingclient,org.springframework.context.annotation.ConfigurationClassPostProcessor.importAwareProcessor]; root of factory hierarchy
2017-07-29 18:29:48,767 INFO [com.cn.client.Client] - *****Client  init 初始化
2017-07-29 18:30:01,783 INFO [com.cn.client.swing.Swingclient] - ******登录  user:xiaoming  pwd: aaa
2017-07-29 18:30:01,784 INFO [com.cn.client.swing.Swingclient] - ****** 登录   ModuleId：1    PlayerCmd: 2
2017-07-29 18:30:02,013 INFO [com.cn.client.Client] - *****未连接服务器，连接
2017-07-29 18:30:02,404 INFO [com.cn.client.ClientHandler] - *****接受到消息： getModule: 1   getCmd: 2 getStateCode: 0 getData:[B@69f5b714
2017-07-29 18:30:12,707 INFO [com.cn.client.swing.Swingclient] - ***** 发送消息 ：aaa
2017-07-29 18:30:12,710 INFO [com.cn.client.Client] - *****已连接服务器
2017-07-29 18:30:12,714 INFO [com.cn.client.swing.Swingclient] - ***** 退出 + client.getChannel()：[id: 0x32ea73e7, /127.0.0.1:57740 => /127.0.0.1:10102]
2017-07-29 18:32:26,111 INFO [org.springframework.context.support.ClassPathXmlApplicationContext] - Refreshing org.springframework.context.support.ClassPathXmlApplicationContext@4115fa10: startup date [Sat Jul 29 18:32:26 CST 2017]; root of context hierarchy
2017-07-29 18:32:26,341 INFO [org.springframework.beans.factory.xml.XmlBeanDefinitionReader] - Loading XML bean definitions from class path resource [applicationContext.xml]
2017-07-29 18:32:27,776 INFO [org.springframework.beans.factory.support.DefaultListableBeanFactory] - Pre-instantiating singletons in org.springframework.beans.factory.support.DefaultListableBeanFactory@3f15f21b: defining beans [org.springframework.context.annotation.internalConfigurationAnnotationProcessor,org.springframework.context.annotation.internalAutowiredAnnotationProcessor,org.springframework.context.annotation.internalRequiredAnnotationProcessor,org.springframework.context.annotation.internalCommonAnnotationProcessor,client,chatHandlerImpl,playerHandlerImpl,handlerScaner,resultCodeTip,swingclient,org.springframework.context.annotation.ConfigurationClassPostProcessor.importAwareProcessor]; root of factory hierarchy
2017-07-29 18:32:29,226 INFO [com.cn.client.Client] - *****Client  init 初始化
2017-07-29 18:32:48,576 INFO [org.springframework.context.support.ClassPathXmlApplicationContext] - Refreshing org.springframework.context.support.ClassPathXmlApplicationContext@4115fa10: startup date [Sat Jul 29 18:32:48 CST 2017]; root of context hierarchy
2017-07-29 18:32:48,834 INFO [org.springframework.beans.factory.xml.XmlBeanDefinitionReader] - Loading XML bean definitions from class path resource [applicationContext.xml]
2017-07-29 18:32:50,381 INFO [org.springframework.beans.factory.support.DefaultListableBeanFactory] - Pre-instantiating singletons in org.springframework.beans.factory.support.DefaultListableBeanFactory@3f15f21b: defining beans [org.springframework.context.annotation.internalConfigurationAnnotationProcessor,org.springframework.context.annotation.internalAutowiredAnnotationProcessor,org.springframework.context.annotation.internalRequiredAnnotationProcessor,org.springframework.context.annotation.internalCommonAnnotationProcessor,client,chatHandlerImpl,playerHandlerImpl,handlerScaner,resultCodeTip,swingclient,org.springframework.context.annotation.ConfigurationClassPostProcessor.importAwareProcessor]; root of factory hierarchy
2017-07-29 18:32:51,834 INFO [com.cn.client.Client] - *****Client  init 初始化
2017-07-29 18:32:55,695 INFO [org.springframework.context.support.ClassPathXmlApplicationContext] - Refreshing org.springframework.context.support.ClassPathXmlApplicationContext@4115fa10: startup date [Sat Jul 29 18:32:55 CST 2017]; root of context hierarchy
2017-07-29 18:32:55,951 INFO [org.springframework.beans.factory.xml.XmlBeanDefinitionReader] - Loading XML bean definitions from class path resource [applicationContext.xml]
2017-07-29 18:32:57,488 INFO [org.springframework.beans.factory.support.DefaultListableBeanFactory] - Pre-instantiating singletons in org.springframework.beans.factory.support.DefaultListableBeanFactory@3f15f21b: defining beans [org.springframework.context.annotation.internalConfigurationAnnotationProcessor,org.springframework.context.annotation.internalAutowiredAnnotationProcessor,org.springframework.context.annotation.internalRequiredAnnotationProcessor,org.springframework.context.annotation.internalCommonAnnotationProcessor,client,chatHandlerImpl,playerHandlerImpl,handlerScaner,resultCodeTip,swingclient,org.springframework.context.annotation.ConfigurationClassPostProcessor.importAwareProcessor]; root of factory hierarchy
2017-07-29 18:32:58,944 INFO [com.cn.client.Client] - *****Client  init 初始化
2017-07-29 18:33:13,254 INFO [com.cn.client.swing.Swingclient] - ******登录  user:xiaoming  pwd: aaa
2017-07-29 18:33:13,255 INFO [com.cn.client.swing.Swingclient] - ****** 登录   ModuleId：1    PlayerCmd: 2
2017-07-29 18:33:13,534 INFO [com.cn.client.Client] - *****未连接服务器，连接
2017-07-29 18:33:13,858 INFO [com.cn.client.ClientHandler] - *****接受到消息： getModule: 1   getCmd: 2 getStateCode: 0 getData:[B@2388c8b6
2017-07-29 18:33:21,831 INFO [com.cn.client.swing.Swingclient] - ******登录  user:小红  pwd: 123
2017-07-29 18:33:21,832 INFO [com.cn.client.swing.Swingclient] - ****** 登录   ModuleId：1    PlayerCmd: 2
2017-07-29 18:33:22,066 INFO [com.cn.client.Client] - *****未连接服务器，连接
2017-07-29 18:33:22,476 INFO [com.cn.client.ClientHandler] - *****接受到消息： getModule: 1   getCmd: 2 getStateCode: 0 getData:[B@693136f3
2017-07-29 18:33:46,534 INFO [com.cn.client.swing.Swingclient] - ******登录  user:yangyang  pwd: 123
2017-07-29 18:33:46,534 INFO [com.cn.client.swing.Swingclient] - ****** 登录   ModuleId：1    PlayerCmd: 2
2017-07-29 18:33:46,775 INFO [com.cn.client.Client] - *****未连接服务器，连接
2017-07-29 18:33:47,229 INFO [com.cn.client.ClientHandler] - *****接受到消息： getModule: 1   getCmd: 2 getStateCode: 0 getData:[B@5bcba422
2017-07-29 18:34:02,804 INFO [com.cn.client.swing.Swingclient] - ******注册  user:庆新  pwd: aaa
2017-07-29 18:34:02,805 INFO [com.cn.client.swing.Swingclient] - ****** 注册   ModuleId：1    PlayerCmd: 1
2017-07-29 18:34:02,806 INFO [com.cn.client.Client] - *****已连接服务器
2017-07-29 18:34:02,938 INFO [com.cn.client.ClientHandler] - *****接受到消息： getModule: 1   getCmd: 1 getStateCode: 8 getData:[B@63b19723
2017-07-29 18:34:14,794 INFO [com.cn.client.swing.Swingclient] - ***** 发送消息 ：好久不见
2017-07-29 18:34:14,798 INFO [com.cn.client.Client] - *****已连接服务器
2017-07-29 18:34:14,904 INFO [com.cn.client.ClientHandler] - *****接受到消息： getModule: 2   getCmd: 101 getStateCode: 0 getData:[B@1405d451
2017-07-29 18:34:14,904 INFO [com.cn.client.ClientHandler] - *****接受到消息： getModule: 2   getCmd: 101 getStateCode: 0 getData:[B@28b47e5b
2017-07-29 18:34:14,917 INFO [com.cn.client.ClientHandler] - *****接受到消息： getModule: 2   getCmd: 2 getStateCode: 0 getData:[B@1ee015d5
2017-07-29 18:34:18,746 INFO [com.cn.client.swing.Swingclient] - ***** 发送消息 ：好久不见
2017-07-29 18:34:18,747 INFO [com.cn.client.Client] - *****已连接服务器
2017-07-29 18:34:18,833 INFO [com.cn.client.ClientHandler] - *****接受到消息： getModule: 2   getCmd: 101 getStateCode: 0 getData:[B@2f9e62cf
2017-07-29 18:34:18,836 INFO [com.cn.client.ClientHandler] - *****接受到消息： getModule: 2   getCmd: 101 getStateCode: 0 getData:[B@7b8f6d05
2017-07-29 18:34:18,845 INFO [com.cn.client.ClientHandler] - *****接受到消息： getModule: 2   getCmd: 2 getStateCode: 0 getData:[B@47691c75
2017-07-29 18:34:31,658 INFO [com.cn.client.swing.Swingclient] - ******登录  user:庆新  pwd: aaa
2017-07-29 18:34:31,658 INFO [com.cn.client.swing.Swingclient] - ****** 登录   ModuleId：1    PlayerCmd: 2
2017-07-29 18:34:31,659 INFO [com.cn.client.Client] - *****已连接服务器
2017-07-29 18:34:31,663 INFO [com.cn.client.ClientHandler] - *****接受到消息： getModule: 1   getCmd: 2 getStateCode: 8 getData:[B@2d98f451
2017-07-29 18:34:40,370 INFO [com.cn.client.swing.Swingclient] - ***** 退出 + client.getChannel()：[id: 0x18bc8b8f, 0.0.0.0/0.0.0.0:57810 :> /127.0.0.1:10102]
2017-07-29 18:34:41,876 INFO [com.cn.client.swing.Swingclient] - ******登录  user:庆新  pwd: aaa
2017-07-29 18:34:41,876 INFO [com.cn.client.swing.Swingclient] - ****** 登录   ModuleId：1    PlayerCmd: 2
2017-07-29 18:34:41,877 INFO [com.cn.client.Client] - *****未连接服务器，连接
2017-07-29 18:34:41,934 INFO [com.cn.client.ClientHandler] - *****接受到消息： getModule: 1   getCmd: 2 getStateCode: 0 getData:[B@a651bce
2017-07-29 18:34:43,682 INFO [com.cn.client.swing.Swingclient] - ***** 发送消息 ：好久不见
2017-07-29 18:34:43,683 INFO [com.cn.client.Client] - *****已连接服务器
2017-07-29 18:34:43,779 INFO [com.cn.client.ClientHandler] - *****接受到消息： getModule: 2   getCmd: 101 getStateCode: 0 getData:[B@510de23b
2017-07-29 18:34:43,780 INFO [com.cn.client.ClientHandler] - *****接受到消息： getModule: 2   getCmd: 101 getStateCode: 0 getData:[B@63b19723
2017-07-29 18:34:43,782 INFO [com.cn.client.ClientHandler] - *****接受到消息： getModule: 2   getCmd: 2 getStateCode: 0 getData:[B@667fb90f
2017-07-29 18:35:52,458 INFO [com.cn.client.swing.Swingclient] - ***** 发送消息 ：~~~~(>_<)~~~~
2017-07-29 18:35:52,462 INFO [com.cn.client.Client] - *****已连接服务器
2017-07-29 18:35:52,591 INFO [com.cn.client.ClientHandler] - *****接受到消息： getModule: 2   getCmd: 101 getStateCode: 0 getData:[B@6d3af755
2017-07-29 18:35:52,591 INFO [com.cn.client.ClientHandler] - *****接受到消息： getModule: 2   getCmd: 101 getStateCode: 0 getData:[B@1e3020fd
2017-07-29 18:35:52,594 INFO [com.cn.client.ClientHandler] - *****接受到消息： getModule: 2   getCmd: 2 getStateCode: 0 getData:[B@3a442579
2017-07-29 18:36:05,146 INFO [com.cn.client.swing.Swingclient] - ***** 发送消息 ：好久不见
2017-07-29 18:36:05,146 INFO [com.cn.client.Client] - *****已连接服务器
2017-07-29 18:36:05,267 INFO [com.cn.client.ClientHandler] - *****接受到消息： getModule: 2   getCmd: 101 getStateCode: 0 getData:[B@7e7454cc
2017-07-29 18:36:05,269 INFO [com.cn.client.ClientHandler] - *****接受到消息： getModule: 2   getCmd: 101 getStateCode: 0 getData:[B@69c5d186
2017-07-29 18:36:05,270 INFO [com.cn.client.ClientHandler] - *****接受到消息： getModule: 2   getCmd: 2 getStateCode: 0 getData:[B@76b5df0
2017-07-29 18:36:15,233 INFO [com.cn.client.swing.Swingclient] - ***** 发送消息 ：你还好吗
2017-07-29 18:36:15,234 INFO [com.cn.client.Client] - *****已连接服务器
2017-07-29 18:36:15,409 INFO [com.cn.client.ClientHandler] - *****接受到消息： getModule: 2   getCmd: 101 getStateCode: 0 getData:[B@6ffa11a4
2017-07-29 18:36:15,410 INFO [com.cn.client.ClientHandler] - *****接受到消息： getModule: 2   getCmd: 101 getStateCode: 0 getData:[B@19e43b5e
2017-07-29 18:36:15,412 INFO [com.cn.client.ClientHandler] - *****接受到消息： getModule: 2   getCmd: 2 getStateCode: 0 getData:[B@a9c5f6b
2017-07-29 18:36:20,681 INFO [com.cn.client.swing.Swingclient] - ***** 发送消息 ：挺好的
2017-07-29 18:36:20,682 INFO [com.cn.client.Client] - *****已连接服务器
2017-07-29 18:36:20,744 INFO [com.cn.client.ClientHandler] - *****接受到消息： getModule: 2   getCmd: 101 getStateCode: 0 getData:[B@75bf9307
2017-07-29 18:36:20,745 INFO [com.cn.client.ClientHandler] - *****接受到消息： getModule: 2   getCmd: 2 getStateCode: 0 getData:[B@744decf5
2017-07-29 18:36:20,746 INFO [com.cn.client.ClientHandler] - *****接受到消息： getModule: 2   getCmd: 101 getStateCode: 0 getData:[B@5a6c7bdc
2017-07-29 18:45:41,879 WARN [io.netty.channel.DefaultChannelPipeline] - An exceptionCaught() event was fired, and it reached at the tail of the pipeline. It usually means the last handler in the pipeline did not handle the exception.
java.io.IOException: 远程主机强迫关闭了一个现有的连接。
	at sun.nio.ch.SocketDispatcher.read0(Native Method)
	at sun.nio.ch.SocketDispatcher.read(Unknown Source)
	at sun.nio.ch.IOUtil.readIntoNativeBuffer(Unknown Source)
	at sun.nio.ch.IOUtil.read(Unknown Source)
	at sun.nio.ch.SocketChannelImpl.read(Unknown Source)
	at io.netty.buffer.UnpooledUnsafeDirectByteBuf.setBytes(UnpooledUnsafeDirectByteBuf.java:357)
	at io.netty.buffer.AbstractByteBuf.writeBytes(AbstractByteBuf.java:898)
	at io.netty.channel.socket.nio.NioSocketChannel.doReadBytes(NioSocketChannel.java:242)
	at io.netty.channel.nio.AbstractNioByteChannel$NioByteUnsafe.read(AbstractNioByteChannel.java:119)
	at io.netty.channel.nio.NioEventLoop.processSelectedKey(NioEventLoop.java:511)
	at io.netty.channel.nio.NioEventLoop.processSelectedKeysOptimized(NioEventLoop.java:468)
	at io.netty.channel.nio.NioEventLoop.processSelectedKeys(NioEventLoop.java:382)
	at io.netty.channel.nio.NioEventLoop.run(NioEventLoop.java:354)
	at io.netty.util.concurrent.SingleThreadEventExecutor$2.run(SingleThreadEventExecutor.java:112)
	at io.netty.util.concurrent.DefaultThreadFactory$DefaultRunnableDecorator.run(DefaultThreadFactory.java:137)
	at java.lang.Thread.run(Unknown Source)
2017-07-29 18:45:41,879 WARN [io.netty.channel.DefaultChannelPipeline] - An exceptionCaught() event was fired, and it reached at the tail of the pipeline. It usually means the last handler in the pipeline did not handle the exception.
java.io.IOException: 远程主机强迫关闭了一个现有的连接。
	at sun.nio.ch.SocketDispatcher.read0(Native Method)
	at sun.nio.ch.SocketDispatcher.read(Unknown Source)
	at sun.nio.ch.IOUtil.readIntoNativeBuffer(Unknown Source)
	at sun.nio.ch.IOUtil.read(Unknown Source)
	at sun.nio.ch.SocketChannelImpl.read(Unknown Source)
	at io.netty.buffer.UnpooledUnsafeDirectByteBuf.setBytes(UnpooledUnsafeDirectByteBuf.java:357)
	at io.netty.buffer.AbstractByteBuf.writeBytes(AbstractByteBuf.java:898)
	at io.netty.channel.socket.nio.NioSocketChannel.doReadBytes(NioSocketChannel.java:242)
	at io.netty.channel.nio.AbstractNioByteChannel$NioByteUnsafe.read(AbstractNioByteChannel.java:119)
	at io.netty.channel.nio.NioEventLoop.processSelectedKey(NioEventLoop.java:511)
	at io.netty.channel.nio.NioEventLoop.processSelectedKeysOptimized(NioEventLoop.java:468)
	at io.netty.channel.nio.NioEventLoop.processSelectedKeys(NioEventLoop.java:382)
	at io.netty.channel.nio.NioEventLoop.run(NioEventLoop.java:354)
	at io.netty.util.concurrent.SingleThreadEventExecutor$2.run(SingleThreadEventExecutor.java:112)
	at io.netty.util.concurrent.DefaultThreadFactory$DefaultRunnableDecorator.run(DefaultThreadFactory.java:137)
	at java.lang.Thread.run(Unknown Source)
2017-08-05 10:13:25,651 INFO [org.springframework.context.support.ClassPathXmlApplicationContext] - Refreshing org.springframework.context.support.ClassPathXmlApplicationContext@3d6bca49: startup date [Sat Aug 05 10:13:25 CST 2017]; root of context hierarchy
2017-08-05 10:13:25,928 INFO [org.springframework.beans.factory.xml.XmlBeanDefinitionReader] - Loading XML bean definitions from class path resource [applicationContext.xml]
2017-08-05 10:13:27,695 INFO [org.springframework.beans.factory.support.DefaultListableBeanFactory] - Pre-instantiating singletons in org.springframework.beans.factory.support.DefaultListableBeanFactory@4067d00a: defining beans [org.springframework.context.annotation.internalConfigurationAnnotationProcessor,org.springframework.context.annotation.internalAutowiredAnnotationProcessor,org.springframework.context.annotation.internalRequiredAnnotationProcessor,org.springframework.context.annotation.internalCommonAnnotationProcessor,client,chatHandlerImpl,playerHandlerImpl,handlerScaner,resultCodeTip,swingclient,org.springframework.context.annotation.ConfigurationClassPostProcessor.importAwareProcessor]; root of factory hierarchy
2017-08-05 10:13:29,704 INFO [com.cn.client.Client] - *****Client  init 初始化
2017-08-05 10:13:47,258 INFO [com.cn.client.swing.Swingclient] - ******登录  user:xiaoming  pwd: 123
2017-08-05 10:13:47,258 INFO [com.cn.client.swing.Swingclient] - ****** 登录   ModuleId：1    PlayerCmd: 2
2017-08-05 10:13:47,659 INFO [com.cn.client.Client] - *****未连接服务器，连接
2017-08-05 10:13:48,963 INFO [com.cn.client.ClientHandler] - *****接受到消息： getModule: 1   getCmd: 2 getStateCode: 7 getData:[B@c0cb095
2017-08-05 10:36:50,261 INFO [com.cn.client.swing.Swingclient] - ******登录  user:xiaoming  pwd: 123
2017-08-05 10:36:50,262 INFO [com.cn.client.swing.Swingclient] - ****** 登录   ModuleId：1    PlayerCmd: 2
2017-08-05 10:36:50,263 INFO [com.cn.client.Client] - *****已连接服务器
2017-08-05 10:36:50,374 INFO [com.cn.client.ClientHandler] - *****接受到消息： getModule: 1   getCmd: 2 getStateCode: 0 getData:[B@65052287
2017-08-05 10:36:59,510 INFO [com.cn.client.swing.Swingclient] - ******登录  user:xiaoming  pwd: 123
2017-08-05 10:36:59,510 INFO [com.cn.client.swing.Swingclient] - ****** 登录   ModuleId：1    PlayerCmd: 2
2017-08-05 10:36:59,511 INFO [com.cn.client.Client] - *****已连接服务器
2017-08-05 10:36:59,640 INFO [com.cn.client.ClientHandler] - *****接受到消息： getModule: 1   getCmd: 2 getStateCode: 8 getData:[B@1dcbce82
2017-08-05 10:37:03,462 INFO [com.cn.client.swing.Swingclient] - ***** 发送消息 ：111
2017-08-05 10:37:03,491 INFO [com.cn.client.Client] - *****已连接服务器
2017-08-05 10:37:03,613 INFO [com.cn.client.ClientHandler] - *****接受到消息： getModule: 2   getCmd: 101 getStateCode: 0 getData:[B@34fdb6ae
2017-08-05 10:37:03,688 INFO [com.cn.client.ClientHandler] - *****接受到消息： getModule: 2   getCmd: 1 getStateCode: 0 getData:[B@3822f407
2017-08-05 10:39:06,382 INFO [org.springframework.context.support.ClassPathXmlApplicationContext] - Refreshing org.springframework.context.support.ClassPathXmlApplicationContext@79f0940a: startup date [Sat Aug 05 10:39:06 CST 2017]; root of context hierarchy
2017-08-05 10:39:06,614 INFO [org.springframework.beans.factory.xml.XmlBeanDefinitionReader] - Loading XML bean definitions from class path resource [applicationContext.xml]
2017-08-05 10:39:08,111 INFO [org.springframework.beans.factory.support.DefaultListableBeanFactory] - Pre-instantiating singletons in org.springframework.beans.factory.support.DefaultListableBeanFactory@6f1b8a4c: defining beans [org.springframework.context.annotation.internalConfigurationAnnotationProcessor,org.springframework.context.annotation.internalAutowiredAnnotationProcessor,org.springframework.context.annotation.internalRequiredAnnotationProcessor,org.springframework.context.annotation.internalCommonAnnotationProcessor,client,chatHandlerImpl,playerHandlerImpl,handlerScaner,resultCodeTip,swingclient,org.springframework.context.annotation.ConfigurationClassPostProcessor.importAwareProcessor]; root of factory hierarchy
2017-08-05 10:39:09,487 INFO [com.cn.client.Client] - *****Client  init 初始化
2017-08-05 10:39:25,042 INFO [com.cn.client.swing.Swingclient] - ******登录  user:yangyang  pwd: 123
2017-08-05 10:39:25,043 INFO [com.cn.client.swing.Swingclient] - ****** 登录   ModuleId：1    PlayerCmd: 2
2017-08-05 10:39:25,332 INFO [com.cn.client.Client] - *****未连接服务器，连接
2017-08-05 10:39:25,757 INFO [com.cn.client.ClientHandler] - *****接受到消息： getModule: 1   getCmd: 2 getStateCode: 0 getData:[B@69a8bf4f
2017-08-05 10:48:17,632 INFO [com.cn.client.swing.Swingclient] - ***** 发送消息 ：111
2017-08-05 10:48:17,635 INFO [com.cn.client.Client] - *****已连接服务器
2017-08-05 10:48:17,856 INFO [com.cn.client.ClientHandler] - *****接受到消息： getModule: 2   getCmd: 101 getStateCode: 0 getData:[B@6ccf9df7
2017-08-05 10:48:17,856 INFO [com.cn.client.ClientHandler] - *****接受到消息： getModule: 2   getCmd: 101 getStateCode: 0 getData:[B@27914270
2017-08-05 10:48:17,889 INFO [com.cn.client.ClientHandler] - *****接受到消息： getModule: 2   getCmd: 1 getStateCode: 0 getData:[B@7aa8cd37
2017-08-05 10:48:32,266 WARN [io.netty.channel.DefaultChannelPipeline] - An exceptionCaught() event was fired, and it reached at the tail of the pipeline. It usually means the last handler in the pipeline did not handle the exception.
java.io.IOException: 远程主机强迫关闭了一个现有的连接。
	at sun.nio.ch.SocketDispatcher.read0(Native Method)
	at sun.nio.ch.SocketDispatcher.read(Unknown Source)
	at sun.nio.ch.IOUtil.readIntoNativeBuffer(Unknown Source)
	at sun.nio.ch.IOUtil.read(Unknown Source)
	at sun.nio.ch.SocketChannelImpl.read(Unknown Source)
	at io.netty.buffer.UnpooledUnsafeDirectByteBuf.setBytes(UnpooledUnsafeDirectByteBuf.java:357)
	at io.netty.buffer.AbstractByteBuf.writeBytes(AbstractByteBuf.java:898)
	at io.netty.channel.socket.nio.NioSocketChannel.doReadBytes(NioSocketChannel.java:242)
	at io.netty.channel.nio.AbstractNioByteChannel$NioByteUnsafe.read(AbstractNioByteChannel.java:119)
	at io.netty.channel.nio.NioEventLoop.processSelectedKey(NioEventLoop.java:511)
	at io.netty.channel.nio.NioEventLoop.processSelectedKeysOptimized(NioEventLoop.java:468)
	at io.netty.channel.nio.NioEventLoop.processSelectedKeys(NioEventLoop.java:382)
	at io.netty.channel.nio.NioEventLoop.run(NioEventLoop.java:354)
	at io.netty.util.concurrent.SingleThreadEventExecutor$2.run(SingleThreadEventExecutor.java:112)
	at io.netty.util.concurrent.DefaultThreadFactory$DefaultRunnableDecorator.run(DefaultThreadFactory.java:137)
	at java.lang.Thread.run(Unknown Source)
2017-08-05 10:48:32,254 WARN [io.netty.channel.DefaultChannelPipeline] - An exceptionCaught() event was fired, and it reached at the tail of the pipeline. It usually means the last handler in the pipeline did not handle the exception.
java.io.IOException: 远程主机强迫关闭了一个现有的连接。
	at sun.nio.ch.SocketDispatcher.read0(Native Method)
	at sun.nio.ch.SocketDispatcher.read(Unknown Source)
	at sun.nio.ch.IOUtil.readIntoNativeBuffer(Unknown Source)
	at sun.nio.ch.IOUtil.read(Unknown Source)
	at sun.nio.ch.SocketChannelImpl.read(Unknown Source)
	at io.netty.buffer.UnpooledUnsafeDirectByteBuf.setBytes(UnpooledUnsafeDirectByteBuf.java:357)
	at io.netty.buffer.AbstractByteBuf.writeBytes(AbstractByteBuf.java:898)
	at io.netty.channel.socket.nio.NioSocketChannel.doReadBytes(NioSocketChannel.java:242)
	at io.netty.channel.nio.AbstractNioByteChannel$NioByteUnsafe.read(AbstractNioByteChannel.java:119)
	at io.netty.channel.nio.NioEventLoop.processSelectedKey(NioEventLoop.java:511)
	at io.netty.channel.nio.NioEventLoop.processSelectedKeysOptimized(NioEventLoop.java:468)
	at io.netty.channel.nio.NioEventLoop.processSelectedKeys(NioEventLoop.java:382)
	at io.netty.channel.nio.NioEventLoop.run(NioEventLoop.java:354)
	at io.netty.util.concurrent.SingleThreadEventExecutor$2.run(SingleThreadEventExecutor.java:112)
	at io.netty.util.concurrent.DefaultThreadFactory$DefaultRunnableDecorator.run(DefaultThreadFactory.java:137)
	at java.lang.Thread.run(Unknown Source)
2017-08-05 10:49:00,801 INFO [com.cn.client.swing.Swingclient] - ***** 发送消息 ：111
2017-08-05 10:49:00,801 INFO [com.cn.client.Client] - *****未连接服务器，连接
2017-08-05 10:49:00,948 INFO [com.cn.client.ClientHandler] - *****接受到消息： getModule: 2   getCmd: 1 getStateCode: 11 getData:[B@432fec
2017-08-05 15:56:03,087 WARN [io.netty.channel.DefaultChannelPipeline] - An exceptionCaught() event was fired, and it reached at the tail of the pipeline. It usually means the last handler in the pipeline did not handle the exception.
java.io.IOException: 远程主机强迫关闭了一个现有的连接。
	at sun.nio.ch.SocketDispatcher.read0(Native Method)
	at sun.nio.ch.SocketDispatcher.read(Unknown Source)
	at sun.nio.ch.IOUtil.readIntoNativeBuffer(Unknown Source)
	at sun.nio.ch.IOUtil.read(Unknown Source)
	at sun.nio.ch.SocketChannelImpl.read(Unknown Source)
	at io.netty.buffer.UnpooledUnsafeDirectByteBuf.setBytes(UnpooledUnsafeDirectByteBuf.java:357)
	at io.netty.buffer.AbstractByteBuf.writeBytes(AbstractByteBuf.java:898)
	at io.netty.channel.socket.nio.NioSocketChannel.doReadBytes(NioSocketChannel.java:242)
	at io.netty.channel.nio.AbstractNioByteChannel$NioByteUnsafe.read(AbstractNioByteChannel.java:119)
	at io.netty.channel.nio.NioEventLoop.processSelectedKey(NioEventLoop.java:511)
	at io.netty.channel.nio.NioEventLoop.processSelectedKeysOptimized(NioEventLoop.java:468)
	at io.netty.channel.nio.NioEventLoop.processSelectedKeys(NioEventLoop.java:382)
	at io.netty.channel.nio.NioEventLoop.run(NioEventLoop.java:354)
	at io.netty.util.concurrent.SingleThreadEventExecutor$2.run(SingleThreadEventExecutor.java:112)
	at io.netty.util.concurrent.DefaultThreadFactory$DefaultRunnableDecorator.run(DefaultThreadFactory.java:137)
	at java.lang.Thread.run(Unknown Source)
2017-10-31 11:02:54,760 INFO [org.springframework.context.support.ClassPathXmlApplicationContext] - Refreshing org.springframework.context.support.ClassPathXmlApplicationContext@4115fa10: startup date [Tue Oct 31 11:02:54 CST 2017]; root of context hierarchy
2017-10-31 11:02:55,026 INFO [org.springframework.beans.factory.xml.XmlBeanDefinitionReader] - Loading XML bean definitions from class path resource [applicationContext.xml]
2017-10-31 11:02:56,460 INFO [org.springframework.beans.factory.support.DefaultListableBeanFactory] - Pre-instantiating singletons in org.springframework.beans.factory.support.DefaultListableBeanFactory@3f15f21b: defining beans [org.springframework.context.annotation.internalConfigurationAnnotationProcessor,org.springframework.context.annotation.internalAutowiredAnnotationProcessor,org.springframework.context.annotation.internalRequiredAnnotationProcessor,org.springframework.context.annotation.internalCommonAnnotationProcessor,client,chatHandlerImpl,playerHandlerImpl,handlerScaner,resultCodeTip,swingclient,org.springframework.context.annotation.ConfigurationClassPostProcessor.importAwareProcessor]; root of factory hierarchy
2017-10-31 11:02:58,692 INFO [com.cn.client.Client] - *****Client  init 初始化
2017-10-31 11:03:20,312 INFO [com.cn.client.swing.Swingclient] - ******登录  user:xiaohong  pwd: 123
2017-10-31 11:03:20,313 INFO [com.cn.client.swing.Swingclient] - ****** 登录   ModuleId：1    PlayerCmd: 2
2017-10-31 11:03:20,530 INFO [com.cn.client.Client] - *****未连接服务器，连接
2017-10-31 11:03:21,783 INFO [com.cn.client.ClientHandler] - *****接受到消息： getModule: 1   getCmd: 2 getStateCode: 6 getData:[B@254e0df1
2017-10-31 11:03:28,441 INFO [com.cn.client.swing.Swingclient] - ******登录  user:xiaoming  pwd: 123
2017-10-31 11:03:28,441 INFO [com.cn.client.swing.Swingclient] - ****** 登录   ModuleId：1    PlayerCmd: 2
2017-10-31 11:03:28,442 INFO [com.cn.client.Client] - *****已连接服务器
2017-10-31 11:03:28,589 INFO [com.cn.client.ClientHandler] - *****接受到消息： getModule: 1   getCmd: 2 getStateCode: 7 getData:[B@519e51ea
2017-10-31 11:03:35,113 INFO [com.cn.client.swing.Swingclient] - ******登录  user:xiaoming  pwd: 123456
2017-10-31 11:03:35,114 INFO [com.cn.client.swing.Swingclient] - ****** 登录   ModuleId：1    PlayerCmd: 2
2017-10-31 11:03:35,114 INFO [com.cn.client.Client] - *****已连接服务器
2017-10-31 11:03:35,167 INFO [com.cn.client.ClientHandler] - *****接受到消息： getModule: 1   getCmd: 2 getStateCode: 7 getData:[B@63b19723
2017-10-31 11:03:37,985 INFO [com.cn.client.swing.Swingclient] - ******登录  user:xiaoming  pwd: 1
2017-10-31 11:03:37,986 INFO [com.cn.client.swing.Swingclient] - ****** 登录   ModuleId：1    PlayerCmd: 2
2017-10-31 11:03:37,986 INFO [com.cn.client.Client] - *****已连接服务器
2017-10-31 11:03:38,039 INFO [com.cn.client.ClientHandler] - *****接受到消息： getModule: 1   getCmd: 2 getStateCode: 7 getData:[B@2039adf7
2017-10-31 11:05:45,192 INFO [com.cn.client.swing.Swingclient] - ******登录  user:xiaoming  pwd: 3
2017-10-31 11:05:45,192 INFO [com.cn.client.swing.Swingclient] - ****** 登录   ModuleId：1    PlayerCmd: 2
2017-10-31 11:05:45,193 INFO [com.cn.client.Client] - *****已连接服务器
2017-10-31 11:05:45,306 INFO [com.cn.client.ClientHandler] - *****接受到消息： getModule: 1   getCmd: 2 getStateCode: 0 getData:[B@6080e4c6
2017-10-31 11:05:48,440 INFO [com.cn.client.swing.Swingclient] - ***** 发送消息 ：`11
2017-10-31 11:05:48,477 INFO [com.cn.client.Client] - *****已连接服务器
2017-10-31 11:05:48,564 INFO [com.cn.client.ClientHandler] - *****接受到消息： getModule: 2   getCmd: 101 getStateCode: 0 getData:[B@4148b3b8
2017-10-31 11:05:48,606 INFO [com.cn.client.ClientHandler] - *****接受到消息： getModule: 2   getCmd: 1 getStateCode: 0 getData:[B@1f99ab1c
2017-10-31 11:05:52,055 INFO [com.cn.client.swing.Swingclient] - ***** 发送消息 ：111
2017-10-31 11:05:52,056 INFO [com.cn.client.Client] - *****已连接服务器
2017-10-31 11:05:52,110 INFO [com.cn.client.ClientHandler] - *****接受到消息： getModule: 2   getCmd: 101 getStateCode: 0 getData:[B@4485b66d
2017-10-31 11:05:52,112 INFO [com.cn.client.ClientHandler] - *****接受到消息： getModule: 2   getCmd: 1 getStateCode: 0 getData:[B@268bd140
2017-10-31 14:58:59,827 INFO [com.cn.client.swing.Swingclient] - ***** 发送消息 ：111
2017-10-31 14:58:59,829 INFO [com.cn.client.Client] - *****已连接服务器
2017-10-31 14:58:59,886 INFO [com.cn.client.ClientHandler] - *****接受到消息： getModule: 2   getCmd: 101 getStateCode: 0 getData:[B@2c1a4849
2017-10-31 14:58:59,888 INFO [com.cn.client.ClientHandler] - *****接受到消息： getModule: 2   getCmd: 1 getStateCode: 0 getData:[B@717fc73d
2017-10-31 14:59:00,371 INFO [com.cn.client.swing.Swingclient] - ***** 发送消息 ：111
2017-10-31 14:59:00,371 INFO [com.cn.client.Client] - *****已连接服务器
2017-10-31 14:59:00,442 INFO [com.cn.client.ClientHandler] - *****接受到消息： getModule: 2   getCmd: 101 getStateCode: 0 getData:[B@7bf1b001
2017-10-31 14:59:00,443 INFO [com.cn.client.ClientHandler] - *****接受到消息： getModule: 2   getCmd: 1 getStateCode: 0 getData:[B@385a5139
2017-10-31 14:59:24,547 INFO [com.cn.client.swing.Swingclient] - ***** 发送消息 ：111
2017-10-31 14:59:24,548 INFO [com.cn.client.Client] - *****已连接服务器
2017-10-31 14:59:24,609 INFO [com.cn.client.ClientHandler] - *****接受到消息： getModule: 2   getCmd: 101 getStateCode: 0 getData:[B@d74bf75
2017-10-31 14:59:24,612 INFO [com.cn.client.ClientHandler] - *****接受到消息： getModule: 2   getCmd: 1 getStateCode: 0 getData:[B@6bc5a139
2018-05-25 11:06:12,440 INFO [org.springframework.context.support.ClassPathXmlApplicationContext] - Refreshing org.springframework.context.support.ClassPathXmlApplicationContext@64a294a6: startup date [Fri May 25 11:06:12 CST 2018]; root of context hierarchy
2018-05-25 11:06:12,561 INFO [org.springframework.beans.factory.xml.XmlBeanDefinitionReader] - Loading XML bean definitions from class path resource [applicationContext.xml]
2018-05-25 11:06:13,000 INFO [org.springframework.beans.factory.support.DefaultListableBeanFactory] - Pre-instantiating singletons in org.springframework.beans.factory.support.DefaultListableBeanFactory@10bdf5e5: defining beans [org.springframework.context.annotation.internalConfigurationAnnotationProcessor,org.springframework.context.annotation.internalAutowiredAnnotationProcessor,org.springframework.context.annotation.internalRequiredAnnotationProcessor,org.springframework.context.annotation.internalCommonAnnotationProcessor,client,chatHandlerImpl,playerHandlerImpl,handlerScaner,resultCodeTip,swingclient,org.springframework.context.annotation.ConfigurationClassPostProcessor.importAwareProcessor]; root of factory hierarchy
2018-05-25 11:06:14,181 INFO [com.cn.client.Client] - *****Client  init 初始化
2018-05-25 11:06:31,448 INFO [com.cn.client.swing.Swingclient] - ******登录  user:xiaohong  pwd: 123
2018-05-25 11:06:31,448 INFO [com.cn.client.swing.Swingclient] - ****** 登录   ModuleId：1    PlayerCmd: 2
2018-05-25 11:06:31,533 INFO [com.cn.client.Client] - *****未连接服务器，连接
2018-05-25 11:06:32,916 INFO [com.cn.client.ClientHandler] - *****接受到消息： getModule: 1   getCmd: 2 getStateCode: 3 getData:[B@38a53e8e
2018-05-25 13:49:55,398 INFO [org.springframework.context.support.ClassPathXmlApplicationContext] - Refreshing org.springframework.context.support.ClassPathXmlApplicationContext@64a294a6: startup date [Fri May 25 13:49:55 CST 2018]; root of context hierarchy
2018-05-25 13:49:55,484 INFO [org.springframework.beans.factory.xml.XmlBeanDefinitionReader] - Loading XML bean definitions from class path resource [applicationContext.xml]
2018-05-25 13:49:55,839 INFO [org.springframework.beans.factory.support.DefaultListableBeanFactory] - Pre-instantiating singletons in org.springframework.beans.factory.support.DefaultListableBeanFactory@10bdf5e5: defining beans [org.springframework.context.annotation.internalConfigurationAnnotationProcessor,org.springframework.context.annotation.internalAutowiredAnnotationProcessor,org.springframework.context.annotation.internalRequiredAnnotationProcessor,org.springframework.context.annotation.internalCommonAnnotationProcessor,client,chatHandlerImpl,playerHandlerImpl,handlerScaner,resultCodeTip,swingclient,org.springframework.context.annotation.ConfigurationClassPostProcessor.importAwareProcessor]; root of factory hierarchy
2018-05-25 13:49:56,485 INFO [com.cn.client.Client] - *****Client  init 初始化
2018-05-25 13:50:28,485 INFO [com.cn.client.swing.Swingclient] - ******登录  user:111  pwd: 22
2018-05-25 13:50:28,486 INFO [com.cn.client.swing.Swingclient] - ****** 登录   ModuleId：1    PlayerCmd: 2
2018-05-25 13:50:28,572 INFO [com.cn.client.Client] - *****未连接服务器，连接
2018-05-25 13:50:29,637 INFO [com.cn.client.ClientHandler] - *****接受到消息： getModule: 1   getCmd: 2 getStateCode: 3 getData:[B@79a730ed
2018-05-25 13:50:32,602 INFO [com.cn.client.swing.Swingclient] - ******登录  user:111  pwd: 22
2018-05-25 13:50:32,603 INFO [com.cn.client.swing.Swingclient] - ****** 登录   ModuleId：1    PlayerCmd: 2
2018-05-25 13:50:32,603 INFO [com.cn.client.Client] - *****已连接服务器
2018-05-25 13:50:33,614 INFO [com.cn.client.ClientHandler] - *****接受到消息： getModule: 1   getCmd: 2 getStateCode: 3 getData:[B@e5513af
